<?xml version="1.0" encoding="UTF-8"?>
<!-- Generated by org.testng.reporters.JUnitReportReporter -->
<testsuite skipped="0" hostname="DESKTOP-RHSMNHP" name="qaclickacademy.RESTAPITest" tests="2" failures="0" timestamp="04 Dec 2019 14:14:49 GMT" time="0.004" errors="0">
  <testcase name="Rest1" time="0.002" classname="qaclickacademy.RESTAPITest"/>
  <testcase name="Rest2" time="0.002" classname="qaclickacademy.RESTAPITest"/>
</testsuite> <!-- qaclickacademy.RESTAPITest -->
