<?xml version="1.0" encoding="UTF-8"?>
<!-- Generated by org.testng.reporters.JUnitReportReporter -->
<testsuite skipped="0" hostname="DESKTOP-RHSMNHP" name="qaclickacademy.SeleniumTest" tests="1" failures="0" timestamp="04 Dec 2019 14:14:49 GMT" time="16.439" errors="0">
  <testcase name="Selenium1" time="16.439" classname="qaclickacademy.SeleniumTest"/>
</testsuite> <!-- qaclickacademy.SeleniumTest -->
