<?xml version="1.0" encoding="UTF-8"?>
<!-- Generated by org.testng.reporters.JUnitReportReporter -->
<testsuite hostname="DESKTOP-RHSMNHP" failures="0" tests="1" name="qaclickacademy.SeleniumTest" time="12.442" errors="0" timestamp="26 Apr 2019 10:27:38 GMT" skipped="0">
  <testcase classname="qaclickacademy.SeleniumTest" name="Selenium1" time="12.442"/>
</testsuite> <!-- qaclickacademy.SeleniumTest -->
