<?xml version="1.0" encoding="UTF-8"?>
<!-- Generated by org.testng.reporters.JUnitReportReporter -->
<testsuite hostname="DESKTOP-RHSMNHP" failures="0" tests="2" name="qaclickacademy.AppiumTest" time="0.017" errors="0" timestamp="26 Apr 2019 10:27:38 GMT" skipped="0">
  <testcase classname="qaclickacademy.AppiumTest" name="Appium1" time="0.016"/>
  <testcase classname="qaclickacademy.AppiumTest" name="Appium2" time="0.001"/>
</testsuite> <!-- qaclickacademy.AppiumTest -->
