<?xml version="1.0" encoding="UTF-8"?>
<!-- Generated by org.testng.reporters.JUnitReportReporter -->
<testsuite hostname="DESKTOP-RHSMNHP" failures="0" tests="2" name="qaclickacademy.RESTAPITest" time="0.000" errors="0" timestamp="26 Apr 2019 10:27:38 GMT" skipped="0">
  <testcase classname="qaclickacademy.RESTAPITest" name="Rest1" time="0.000"/>
  <testcase classname="qaclickacademy.RESTAPITest" name="Rest2" time="0.000"/>
</testsuite> <!-- qaclickacademy.RESTAPITest -->
